        19524416 UCI <- uci
       115799583 UCI -> Explanation Engine 1.92.71 (C) 2025 Chess.com, LLC
       115894291 UCI -> Komodo Library 3.3-bf76ab2 (C) 2023 Chess.com, LLC. Thanks to Don Dailey, Larry Kaufman and Mark Lefler
       124612125 UCI -> using hardware POPCNT
       124641333 UCI -> info string CEEInfo botmove seed value: 1116554825
       434993708 UCI -> info string CEEInfo Loaded Coach asset for text_id='David_coach', locale='en-US'
       435070000 UCI -> info string CEEInfo Loaded Coach asset for text_id='Dante_coach', locale='en-US'
       435323875 UCI -> info string CEEInfo Loaded Coach asset for text_id='Mae_coach', locale='en-US'
       435800958 UCI -> info string CEEInfo Loaded Coach asset for text_id='Nadia_coach', locale='en-US'
       436079500 UCI -> info string CEE
       436120792 UCI -> option name CoachTextId default 
       436372667 UCI -> option name PersonalSpeechForOpponentMoves default false
       436411917 UCI -> option name NullMoveRepresentation default (none)
       436826458 UCI -> option name UseRatingRanges default false
       436849083 UCI -> option name BotName default 
       437126875 UCI -> option name Chess960 default false
       437168667 UCI -> option name HumanPlaysBlack default false
       437388667 UCI -> option name WhiteElo default 2000
       437412958 UCI -> option name CoachLocale default 
       437564208 UCI -> option name BadKeyMomentsNeedMaterialOrMate default false
       437601125 UCI -> option name EloSensitivePD default false
       437902042 UCI -> option name BasicVariationThemes default false
       438095042 UCI -> option name TimeControl default 
       438605833 UCI -> option name UserColor default NotSpecified
       438706667 UCI -> option name HandleContinuations default false
       439286625 UCI -> option name ServeCommandV2 default false
       439455208 UCI -> option name BlackChesscomUsername default 
       439977833 UCI -> option name SpeechV3 default false
       440023042 UCI -> option name SpeechV2 default false
       440284667 UCI -> option name BotChatPrioritizePlayerMovePercent default 50
       440333292 UCI -> option name BotChatPrioritizePlayerMove default false
       440588875 UCI -> option name PrintCoachTags default false
       440630875 UCI -> option name Strength default 
       440892000 UCI -> option name EvalSourceEngine default Komodo
       440949250 UCI -> option name Termination default *
       441347333 UCI -> option name VerboseEvalTerms default false
       441514167 UCI -> option name HandleNullMoveContinuations default false
       441720542 UCI -> option name NewSpeech default false
       441745167 UCI -> option name VerboseThemes default false
       442138083 UCI -> option name UseDeclarativePositionCommand default false
       442187708 UCI -> option name Threads default 1
       442532292 UCI -> option name SerializeLikeCEACV3 default false
       442576292 UCI -> option name DoProgressUpdates default false
       442993750 UCI -> option name Language default en_US
       443072792 UCI -> option name InsightsTags default false
       443302833 UCI -> option name BotChatOnlyAfterBotMove default false
       443347625 UCI -> option name PlayVsCoachRetryMistakesEnabled default false
       443848833 UCI -> option name ClassificationV3 default false
       444205583 UCI -> option name GamePhaseV2 default true
       444466292 UCI -> option name TestMode default false
       444537583 UCI -> option name Engine default Komodo
       444802167 UCI -> option name BlackElo default 2000
       444849375 UCI -> option name Coach default 
       445137750 UCI -> option name PlayVsCoachRetryMistakesCooldownPly default 20
       445178708 UCI -> option name ScoreWhiteToMove default false
       445434000 UCI -> option name Result default *
       445478792 UCI -> option name DefaultNumNullMoveVariations default 1
       445659542 UCI -> option name SerializeBoardEvents default false
       445703750 UCI -> option name UseImmediateStop default false
       445859083 UCI -> option name SerializeLikeCEAC default true
       445908333 UCI -> option name CoachAssetsV2 default false
       446170125 UCI -> option name WhiteChesscomUsername default 
       446319500 UCI -> option name DefaultNumVariations default 2
       446532792 UCI -> option name GetThemes default false
       446573958 UCI -> option name HandleContinuationsDepth default 12
       446848167 UCI -> option name HandleNullMoveContinuationsDepth default 12
       446919625 UCI -> option name IgnoreStopCommand default false
       447112542 UCI -> info string Komodo
       447240375 UCI -> id name Komodo 3.3 64-bit 
       447646208 UCI -> id author Don Dailey, Larry Kaufman, Mark Lefler, Dmitry Pervov, and Dietrich Kappe
       447686917 UCI -> option name Threads type spin default 1 min 1 max 16
       447907667 UCI -> option name Ponder type check default true
       447998417 UCI -> option name Hash type spin default 4 min 1 max 65536
       448202000 UCI -> option name Clear Hash type button
       448263125 UCI -> option name Table Memory type spin default 4 min 1 max 1024
       448489958 UCI -> option name MultiPV type spin default 1 min 1 max 218
       448529083 UCI -> option name OwnBook type check default true
       448711917 UCI -> option name Book File type string default komodo.bin
       448814125 UCI -> option name Book Moves type spin default 1000 min 0 max 1000
       449031750 UCI -> option name Best Book Line type check default false
       449067750 UCI -> option name Log File type string default <empty>
       449394792 UCI -> option name UCI_Chess960 type check default false
       449403583 UCI -> option name UCI_Variant type string default chess
       450021333 UCI -> option name UCI_AnalyseMode type check default false
       450042375 UCI -> option name Use LMR type check default true
       450329458 UCI -> option name Null Move Pruning type check default true
       450363250 UCI -> option name Overhead ms type spin default 50 min 0 max 10000
       450619625 UCI -> option name Time Usage type spin default 0 min -90 max 90
       450658625 UCI -> option name Use Syzygy type check default false
       450889208 UCI -> option name SyzygyPath type string default <empty>
       450937750 UCI -> option name Syzygy Probe Depth type spin default 1 min 0 max 99
       451229750 UCI -> option name Syzygy Probe Limit type spin default 6 min 0 max 7
       451264458 UCI -> option name Syzygy 50 Move Rule type check default true
       451868500 UCI -> option name Smart Syzygy type check default false
       451961417 UCI -> option name King Safety type spin default 83 min 0 max 200
       452344292 UCI -> option name Selectivity type spin default 120 min 10 max 250
       452383458 UCI -> option name Reduction type spin default 30 min -80 max 400
       452797458 UCI -> option name Dynamism type spin default 100 min 0 max 400
       452823375 UCI -> option name Contempt type spin default 0 min -250 max 250
       453035250 UCI -> option name White Contempt type check default false
       453130042 UCI -> option name Personality type combo default Default var Default var Aggressive var Defensive var Active var Positional var Endgame var Beginner var Human var HN var DR var BF var MC var GK
       453466333 UCI -> option name Armageddon type combo default Off var Off var White Must Win var Black Must Win
       453558625 UCI -> option name Variety type spin default 0 min 0 max 100
       453960250 UCI -> option name UCI Elo type spin default 3500 min 1 max 3500
       454136708 UCI -> option name UCI LimitStrength type check default false
       454387208 UCI -> option name Auto Skill type check default false
       454424542 UCI -> option name UCI_Opponent type string default <empty>
       454666542 UCI -> option name Skill type spin default 35 min 1 max 35
       454700375 UCI -> option name SkillCents type spin default 0 min 0 max 99
       454898083 UCI -> option name SkillCompatibility type check default true
       454933375 UCI -> option name Use UCI_Elo type check default false
       455166208 UCI -> uciok
       455475458 UCI <- setoption name Hash value 16
       455542500 UCI <- setoption name ClassificationV3 value true
       455627208 UCI <- setoption name UseImmediateStop value true
       455719167 UCI <- ucinewgame
       455731125 UCI <- isready
       457998792 UCI -> info string Hash table size is now 16 meg
       458225250 UCI -> readyok
       464971750 UCI <- push c2c3
       465009208 UCI <- fetch botmove adaptive false skill 3 25_levels false personality defensive book /data/user/0/com.chess/files/opening_books/017f4bf388df0fa0628f269056b97530dc934e7c.bin
       520151500 UCI -> json {"move":"e7e5"}
      2129138501 UCI <- push e7e5
      2129156334 UCI <- push e2e4
      2129165209 UCI <- fetch botmove adaptive false skill 3 25_levels false personality defensive book /data/user/0/com.chess/files/opening_books/017f4bf388df0fa0628f269056b97530dc934e7c.bin
      2265777084 UCI -> json {"move":"d7d5"}
      4993646085 UCI <- push d7d5
      4994535710 UCI <- push g1f3
      4994545210 UCI <- fetch botmove adaptive false skill 3 25_levels false personality defensive book /data/user/0/com.chess/files/opening_books/017f4bf388df0fa0628f269056b97530dc934e7c.bin
      5083241419 UCI -> json {"move":"d5e4"}
     11215803672 UCI <- push d5e4
     11215828922 UCI <- push f3e5
     11215837630 UCI <- fetch botmove adaptive false skill 3 25_levels false personality defensive book /data/user/0/com.chess/files/opening_books/017f4bf388df0fa0628f269056b97530dc934e7c.bin
     11289787213 UCI -> json {"move":"c7c6"}
